[INFO] Scanning for projects...
[INFO] 
[INFO] ------------------------< id.co.bni:calculator >------------------------
[INFO] Building calculator 0.0.1-SNAPSHOT
[INFO]   from pom.xml
[INFO] --------------------------------[ jar ]---------------------------------
[INFO] 
[INFO] >>> spring-boot:3.2.5:run (default-cli) > test-compile @ calculator >>>
[INFO] 
[INFO] --- jacoco:0.8.11:prepare-agent (prepare-agent) @ calculator ---
[INFO] argLine set to -javaagent:C:\\Windows\\system32\\config\\systemprofile\\.m2\\repository\\org\\jacoco\\org.jacoco.agent\\0.8.11\\org.jacoco.agent-0.8.11-runtime.jar=destfile=D:\\AI\\test1\\jenkins\\calculatorLengkap\\target\\jacoco.exec,excludes=**/CalculatorApplication.class:**/configs/**:**/models/**
[INFO] 
[INFO] --- resources:3.3.1:resources (default-resources) @ calculator ---
[INFO] Copying 1 resource from src\main\resources to target\classes
[INFO] Copying 1 resource from src\main\resources to target\classes
[INFO] 
[INFO] --- compiler:3.11.0:compile (default-compile) @ calculator ---
[INFO] Nothing to compile - all classes are up to date
[INFO] 
[INFO] --- resources:3.3.1:testResources (default-testResources) @ calculator ---
[INFO] skip non existing resourceDirectory D:\AI\test1\jenkins\calculatorLengkap\src\test\resources
[INFO] 
[INFO] --- compiler:3.11.0:testCompile (default-testCompile) @ calculator ---
[INFO] Nothing to compile - all classes are up to date
[INFO] 
[INFO] <<< spring-boot:3.2.5:run (default-cli) < test-compile @ calculator <<<
[INFO] 
[INFO] 
[INFO] --- spring-boot:3.2.5:run (default-cli) @ calculator ---
[INFO] Attaching agents: []

  .   ____          _            __ _ _
 /\\ / ___'_ __ _ _(_)_ __  __ _ \ \ \ \
( ( )\___ | '_ | '_| | '_ \/ _` | \ \ \ \
 \\/  ___)| |_)| | | | | || (_| |  ) ) ) )
  '  |____| .__|_| |_|_| |_\__, | / / / /
 =========|_|==============|___/=/_/_/_/
[32m :: Spring Boot :: [39m              [2m (v3.2.5)[0;39m

26-06-2026 14:32:09 [INFO ] o.h.v.i.util.Version - HV000001: Hibernate Validator 8.0.1.Final
26-06-2026 14:32:09 [INFO ] i.c.b.c.CalculatorApplication - Starting CalculatorApplication using Java 21.0.2 with PID 16772 (D:\AI\test1\jenkins\calculatorLengkap\target\classes started by DGL-63506-1$ in D:\AI\test1\jenkins\calculatorLengkap)
26-06-2026 14:32:09 [DEBUG] i.c.b.c.CalculatorApplication - Running with Spring Boot v3.2.5, Spring v6.1.6
26-06-2026 14:32:09 [INFO ] i.c.b.c.CalculatorApplication - No active profile set, falling back to 1 default profile: "default"
26-06-2026 14:32:10 [INFO ] o.s.b.w.e.t.TomcatWebServer - Tomcat initialized with port 8080 (http)
26-06-2026 14:32:10 [INFO ] o.a.c.h.Http11NioProtocol - Initializing ProtocolHandler ["http-nio-8080"]
26-06-2026 14:32:10 [INFO ] o.a.c.c.StandardService - Starting service [Tomcat]
26-06-2026 14:32:10 [INFO ] o.a.c.c.StandardEngine - Starting Servlet engine: [Apache Tomcat/10.1.20]
26-06-2026 14:32:10 [INFO ] o.a.c.c.C.[.[.[/] - Initializing Spring embedded WebApplicationContext
26-06-2026 14:32:10 [INFO ] o.s.b.w.s.c.ServletWebServerApplicationContext - Root WebApplicationContext: initialization completed in 710 ms
26-06-2026 14:32:10 [DEBUG] i.c.b.c.c.RequestResponseLoggingFilter - Filter 'requestResponseLoggingFilter' configured for use
26-06-2026 14:32:10 [INFO ] o.a.c.h.Http11NioProtocol - Starting ProtocolHandler ["http-nio-8080"]
26-06-2026 14:32:10 [INFO ] o.s.b.w.e.t.TomcatWebServer - Tomcat started on port 8080 (http) with context path ''
26-06-2026 14:32:10 [INFO ] i.c.b.c.CalculatorApplication - Started CalculatorApplication in 1.411 seconds (process running for 1.791)
26-06-2026 14:32:10 [INFO ] o.a.c.c.C.[.[.[/] - Initializing Spring DispatcherServlet 'dispatcherServlet'
26-06-2026 14:32:10 [INFO ] o.s.w.s.DispatcherServlet - Initializing Servlet 'dispatcherServlet'
26-06-2026 14:32:10 [DEBUG] o.s.w.s.DispatcherServlet - Detected StandardServletMultipartResolver
26-06-2026 14:32:10 [DEBUG] o.s.w.s.DispatcherServlet - Detected AcceptHeaderLocaleResolver
26-06-2026 14:32:10 [DEBUG] o.s.w.s.DispatcherServlet - Detected FixedThemeResolver
26-06-2026 14:32:10 [DEBUG] o.s.w.s.DispatcherServlet - Detected org.springframework.web.servlet.view.DefaultRequestToViewNameTranslator@c5a95ae
26-06-2026 14:32:10 [DEBUG] o.s.w.s.DispatcherServlet - Detected org.springframework.web.servlet.support.SessionFlashMapManager@3ff2e5c6
26-06-2026 14:32:10 [DEBUG] o.s.w.s.DispatcherServlet - enableLoggingRequestDetails='false': request parameters and headers will be masked to prevent unsafe logging of potentially sensitive data
26-06-2026 14:32:10 [INFO ] o.s.w.s.DispatcherServlet - Completed initialization in 2 ms
26-06-2026 14:32:10 [DEBUG] o.s.w.s.DispatcherServlet - GET "/api/calculator/add?a=1&b=1", parameters={masked}
26-06-2026 14:32:10 [DEBUG] i.c.b.c.c.ApiOrderInterceptor - ApiOrderContext set: apiOrder=01 for GET /api/calculator/add
26-06-2026 14:32:10 [INFO ] i.c.b.c.c.CalculatorController - [CONTROLLER] ADD via QueryParam | input: a=1.0, b=1.0
26-06-2026 14:32:10 [INFO ] i.c.b.c.s.CalculatorService - [SERVICE] ADD | input: a=1.0, b=1.0
26-06-2026 14:32:10 [DEBUG] i.c.b.c.s.CalculatorService - [SERVICE] ADD | logic: 1.0 + 1.0
26-06-2026 14:32:10 [INFO ] i.c.b.c.s.CalculatorService - [SERVICE] ADD | hasil: 1.0 + 1.0 = 2.0
26-06-2026 14:32:10 [INFO ] i.c.b.c.c.CalculatorController - [CONTROLLER] ADD via QueryParam | hasil: 2.0
26-06-2026 14:32:11 [DEBUG] o.s.w.s.DispatcherServlet - Completed 200 OK
26-06-2026 14:32:11 [INFO ] HTTP_TRAFFIC - 
----------------------------------------------------------
  TraceID   : 5A1896C8
  Method    : GET
  URL       : /api/calculator/add?a=1&b=1
  From      : 0:0:0:0:0:0:0:1
  - - - - - - - - - - - - - - - - - - - - - - - - - -
  Request   : -
  - - - - - - - - - - - - - - - - - - - - - - - - - -
  Status    : 200
  Duration  : 64 ms
  Response  : {"responseCode":"2000101","responseMessage":"Sukses","payload":2.0,"success":true}
----------------------------------------------------------
26-06-2026 14:32:12 [DEBUG] o.s.w.s.DispatcherServlet - POST "/api/calculator/multiply", parameters={}
26-06-2026 14:32:12 [DEBUG] i.c.b.c.c.ApiOrderInterceptor - ApiOrderContext set: apiOrder=03 for POST /api/calculator/multiply
26-06-2026 14:32:12 [INFO ] i.c.b.c.c.CalculatorController - [CONTROLLER] MULTIPLY via Body | input: a=10.0, b=5.0
26-06-2026 14:32:12 [INFO ] i.c.b.c.s.CalculatorService - [SERVICE] MULTIPLY | input: a=10.0, b=5.0
26-06-2026 14:32:12 [DEBUG] i.c.b.c.s.CalculatorService - [SERVICE] MULTIPLY | logic: 10.0 x 5.0
26-06-2026 14:32:12 [INFO ] i.c.b.c.s.CalculatorService - [SERVICE] MULTIPLY | hasil: 10.0 x 5.0 = 50.0
26-06-2026 14:32:12 [INFO ] i.c.b.c.c.CalculatorController - [CONTROLLER] MULTIPLY via Body | hasil: 50.0
26-06-2026 14:32:12 [DEBUG] o.s.w.s.DispatcherServlet - Completed 200 OK
26-06-2026 14:32:12 [INFO ] HTTP_TRAFFIC - 
----------------------------------------------------------
  TraceID   : BDA7616C
  Method    : POST
  URL       : /api/calculator/multiply
  From      : 0:0:0:0:0:0:0:1
  - - - - - - - - - - - - - - - - - - - - - - - - - -
  Request   : {
  "a": 10,
  "b": 5
}
  - - - - - - - - - - - - - - - - - - - - - - - - - -
  Status    : 200
  Duration  : 29 ms
  Response  : {"responseCode":"2000103","responseMessage":"Sukses","payload":50.0,"success":true}
----------------------------------------------------------
26-06-2026 14:32:12 [DEBUG] o.s.w.s.DispatcherServlet - GET "/api/calculator/multiply?a=10&b=5", parameters={masked}
26-06-2026 14:32:12 [DEBUG] i.c.b.c.c.ApiOrderInterceptor - ApiOrderContext set: apiOrder=03 for GET /api/calculator/multiply
26-06-2026 14:32:12 [INFO ] i.c.b.c.c.CalculatorController - [CONTROLLER] MULTIPLY via QueryParam | input: a=10.0, b=5.0
26-06-2026 14:32:12 [INFO ] i.c.b.c.s.CalculatorService - [SERVICE] MULTIPLY | input: a=10.0, b=5.0
26-06-2026 14:32:12 [DEBUG] i.c.b.c.s.CalculatorService - [SERVICE] MULTIPLY | logic: 10.0 x 5.0
26-06-2026 14:32:12 [INFO ] i.c.b.c.s.CalculatorService - [SERVICE] MULTIPLY | hasil: 10.0 x 5.0 = 50.0
26-06-2026 14:32:12 [INFO ] i.c.b.c.c.CalculatorController - [CONTROLLER] MULTIPLY via QueryParam | hasil: 50.0
26-06-2026 14:32:12 [DEBUG] o.s.w.s.DispatcherServlet - Completed 200 OK
26-06-2026 14:32:12 [INFO ] HTTP_TRAFFIC - 
----------------------------------------------------------
  TraceID   : 97FDDEA0
  Method    : GET
  URL       : /api/calculator/multiply?a=10&b=5
  From      : 0:0:0:0:0:0:0:1
  - - - - - - - - - - - - - - - - - - - - - - - - - -
  Request   : -
  - - - - - - - - - - - - - - - - - - - - - - - - - -
  Status    : 200
  Duration  : 3 ms
  Response  : {"responseCode":"2000103","responseMessage":"Sukses","payload":50.0,"success":true}
----------------------------------------------------------
26-06-2026 14:32:13 [DEBUG] o.s.w.s.DispatcherServlet - GET "/api/calculator/multiply/10/5", parameters={}
26-06-2026 14:32:13 [DEBUG] i.c.b.c.c.ApiOrderInterceptor - ApiOrderContext set: apiOrder=03 for GET /api/calculator/multiply/10/5
26-06-2026 14:32:13 [INFO ] i.c.b.c.c.CalculatorController - [CONTROLLER] MULTIPLY via PathVariable | input: a=10.0, b=5.0
26-06-2026 14:32:13 [INFO ] i.c.b.c.s.CalculatorService - [SERVICE] MULTIPLY | input: a=10.0, b=5.0
26-06-2026 14:32:13 [DEBUG] i.c.b.c.s.CalculatorService - [SERVICE] MULTIPLY | logic: 10.0 x 5.0
26-06-2026 14:32:13 [INFO ] i.c.b.c.s.CalculatorService - [SERVICE] MULTIPLY | hasil: 10.0 x 5.0 = 50.0
26-06-2026 14:32:13 [INFO ] i.c.b.c.c.CalculatorController - [CONTROLLER] MULTIPLY via PathVariable | hasil: 50.0
26-06-2026 14:32:13 [DEBUG] o.s.w.s.DispatcherServlet - Completed 200 OK
26-06-2026 14:32:13 [INFO ] HTTP_TRAFFIC - 
----------------------------------------------------------
  TraceID   : 80F19914
  Method    : GET
  URL       : /api/calculator/multiply/10/5
  From      : 0:0:0:0:0:0:0:1
  - - - - - - - - - - - - - - - - - - - - - - - - - -
  Request   : -
  - - - - - - - - - - - - - - - - - - - - - - - - - -
  Status    : 200
  Duration  : 3 ms
  Response  : {"responseCode":"2000103","responseMessage":"Sukses","payload":50.0,"success":true}
----------------------------------------------------------
26-06-2026 14:32:13 [DEBUG] o.s.w.s.DispatcherServlet - POST "/api/calculator/divide", parameters={}
26-06-2026 14:32:13 [DEBUG] i.c.b.c.c.ApiOrderInterceptor - ApiOrderContext set: apiOrder=04 for POST /api/calculator/divide
26-06-2026 14:32:13 [INFO ] i.c.b.c.c.CalculatorController - [CONTROLLER] DIVIDE via Body | input: a=50.0, b=5.0
26-06-2026 14:32:13 [INFO ] i.c.b.c.s.CalculatorService - [SERVICE] DIVIDE | input: a=50.0, b=5.0
26-06-2026 14:32:13 [DEBUG] i.c.b.c.s.CalculatorService - [SERVICE] DIVIDE | logic: 50.0 / 5.0
26-06-2026 14:32:13 [INFO ] i.c.b.c.s.CalculatorService - [SERVICE] DIVIDE | hasil: 50.0 / 5.0 = 10.0
26-06-2026 14:32:13 [INFO ] i.c.b.c.c.CalculatorController - [CONTROLLER] DIVIDE via Body | hasil: 10.0
26-06-2026 14:32:13 [DEBUG] o.s.w.s.DispatcherServlet - Completed 200 OK
26-06-2026 14:32:13 [INFO ] HTTP_TRAFFIC - 
----------------------------------------------------------
  TraceID   : 448AF9C7
  Method    : POST
  URL       : /api/calculator/divide
  From      : 0:0:0:0:0:0:0:1
  - - - - - - - - - - - - - - - - - - - - - - - - - -
  Request   : {
  "a": 50,
  "b": 5
}
  - - - - - - - - - - - - - - - - - - - - - - - - - -
  Status    : 200
  Duration  : 2 ms
  Response  : {"responseCode":"2000104","responseMessage":"Sukses","payload":10.0,"success":true}
----------------------------------------------------------
26-06-2026 14:32:13 [DEBUG] o.s.w.s.DispatcherServlet - GET "/api/calculator/divide?a=50&b=5", parameters={masked}
26-06-2026 14:32:13 [DEBUG] i.c.b.c.c.ApiOrderInterceptor - ApiOrderContext set: apiOrder=04 for GET /api/calculator/divide
26-06-2026 14:32:13 [INFO ] i.c.b.c.c.CalculatorController - [CONTROLLER] DIVIDE via QueryParam | input: a=50.0, b=5.0
26-06-2026 14:32:13 [INFO ] i.c.b.c.s.CalculatorService - [SERVICE] DIVIDE | input: a=50.0, b=5.0
26-06-2026 14:32:13 [DEBUG] i.c.b.c.s.CalculatorService - [SERVICE] DIVIDE | logic: 50.0 / 5.0
26-06-2026 14:32:13 [INFO ] i.c.b.c.s.CalculatorService - [SERVICE] DIVIDE | hasil: 50.0 / 5.0 = 10.0
26-06-2026 14:32:13 [INFO ] i.c.b.c.c.CalculatorController - [CONTROLLER] DIVIDE via QueryParam | hasil: 10.0
26-06-2026 14:32:13 [DEBUG] o.s.w.s.DispatcherServlet - Completed 200 OK
26-06-2026 14:32:13 [INFO ] HTTP_TRAFFIC - 
----------------------------------------------------------
  TraceID   : D470EBA2
  Method    : GET
  URL       : /api/calculator/divide?a=50&b=5
  From      : 0:0:0:0:0:0:0:1
  - - - - - - - - - - - - - - - - - - - - - - - - - -
  Request   : -
  - - - - - - - - - - - - - - - - - - - - - - - - - -
  Status    : 200
  Duration  : 2 ms
  Response  : {"responseCode":"2000104","responseMessage":"Sukses","payload":10.0,"success":true}
----------------------------------------------------------
26-06-2026 14:32:13 [DEBUG] o.s.w.s.DispatcherServlet - GET "/api/calculator/divide/50/5", parameters={}
26-06-2026 14:32:13 [DEBUG] i.c.b.c.c.ApiOrderInterceptor - ApiOrderContext set: apiOrder=04 for GET /api/calculator/divide/50/5
26-06-2026 14:32:13 [INFO ] i.c.b.c.c.CalculatorController - [CONTROLLER] DIVIDE via PathVariable | input: a=50.0, b=5.0
26-06-2026 14:32:13 [INFO ] i.c.b.c.s.CalculatorService - [SERVICE] DIVIDE | input: a=50.0, b=5.0
26-06-2026 14:32:13 [DEBUG] i.c.b.c.s.CalculatorService - [SERVICE] DIVIDE | logic: 50.0 / 5.0
26-06-2026 14:32:13 [INFO ] i.c.b.c.s.CalculatorService - [SERVICE] DIVIDE | hasil: 50.0 / 5.0 = 10.0
26-06-2026 14:32:13 [INFO ] i.c.b.c.c.CalculatorController - [CONTROLLER] DIVIDE via PathVariable | hasil: 10.0
26-06-2026 14:32:13 [DEBUG] o.s.w.s.DispatcherServlet - Completed 200 OK
26-06-2026 14:32:13 [INFO ] HTTP_TRAFFIC - 
----------------------------------------------------------
  TraceID   : 821594DF
  Method    : GET
  URL       : /api/calculator/divide/50/5
  From      : 0:0:0:0:0:0:0:1
  - - - - - - - - - - - - - - - - - - - - - - - - - -
  Request   : -
  - - - - - - - - - - - - - - - - - - - - - - - - - -
  Status    : 200
  Duration  : 2 ms
  Response  : {"responseCode":"2000104","responseMessage":"Sukses","payload":10.0,"success":true}
----------------------------------------------------------
26-06-2026 14:32:13 [DEBUG] o.s.w.s.DispatcherServlet - POST "/api/calculator/add", parameters={}
26-06-2026 14:32:13 [DEBUG] i.c.b.c.c.ApiOrderInterceptor - ApiOrderContext set: apiOrder=01 for POST /api/calculator/add
26-06-2026 14:32:13 [INFO ] i.c.b.c.c.CalculatorController - [CONTROLLER] ADD via Body | input: a=10.0, b=5.0
26-06-2026 14:32:13 [INFO ] i.c.b.c.s.CalculatorService - [SERVICE] ADD | input: a=10.0, b=5.0
26-06-2026 14:32:13 [DEBUG] i.c.b.c.s.CalculatorService - [SERVICE] ADD | logic: 10.0 + 5.0
26-06-2026 14:32:13 [INFO ] i.c.b.c.s.CalculatorService - [SERVICE] ADD | hasil: 10.0 + 5.0 = 15.0
26-06-2026 14:32:13 [INFO ] i.c.b.c.c.CalculatorController - [CONTROLLER] ADD via Body | hasil: 15.0
26-06-2026 14:32:13 [DEBUG] o.s.w.s.DispatcherServlet - Completed 200 OK
26-06-2026 14:32:13 [INFO ] HTTP_TRAFFIC - 
----------------------------------------------------------
  TraceID   : B73788F0
  Method    : POST
  URL       : /api/calculator/add
  From      : 0:0:0:0:0:0:0:1
  - - - - - - - - - - - - - - - - - - - - - - - - - -
  Request   : {
  "a": 10,
  "b": 5
}
  - - - - - - - - - - - - - - - - - - - - - - - - - -
  Status    : 200
  Duration  : 2 ms
  Response  : {"responseCode":"2000101","responseMessage":"Sukses","payload":15.0,"success":true}
----------------------------------------------------------
26-06-2026 14:32:13 [DEBUG] o.s.w.s.DispatcherServlet - GET "/api/calculator/add?a=10&b=5", parameters={masked}
26-06-2026 14:32:13 [DEBUG] i.c.b.c.c.ApiOrderInterceptor - ApiOrderContext set: apiOrder=01 for GET /api/calculator/add
26-06-2026 14:32:13 [INFO ] i.c.b.c.c.CalculatorController - [CONTROLLER] ADD via QueryParam | input: a=10.0, b=5.0
26-06-2026 14:32:13 [INFO ] i.c.b.c.s.CalculatorService - [SERVICE] ADD | input: a=10.0, b=5.0
26-06-2026 14:32:13 [DEBUG] i.c.b.c.s.CalculatorService - [SERVICE] ADD | logic: 10.0 + 5.0
26-06-2026 14:32:13 [INFO ] i.c.b.c.s.CalculatorService - [SERVICE] ADD | hasil: 10.0 + 5.0 = 15.0
26-06-2026 14:32:13 [INFO ] i.c.b.c.c.CalculatorController - [CONTROLLER] ADD via QueryParam | hasil: 15.0
26-06-2026 14:32:13 [DEBUG] o.s.w.s.DispatcherServlet - Completed 200 OK
26-06-2026 14:32:13 [INFO ] HTTP_TRAFFIC - 
----------------------------------------------------------
  TraceID   : F5C8014D
  Method    : GET
  URL       : /api/calculator/add?a=10&b=5
  From      : 0:0:0:0:0:0:0:1
  - - - - - - - - - - - - - - - - - - - - - - - - - -
  Request   : -
  - - - - - - - - - - - - - - - - - - - - - - - - - -
  Status    : 200
  Duration  : 2 ms
  Response  : {"responseCode":"2000101","responseMessage":"Sukses","payload":15.0,"success":true}
----------------------------------------------------------
26-06-2026 14:32:13 [DEBUG] o.s.w.s.DispatcherServlet - GET "/api/calculator/add/10/5", parameters={}
26-06-2026 14:32:13 [DEBUG] i.c.b.c.c.ApiOrderInterceptor - ApiOrderContext set: apiOrder=01 for GET /api/calculator/add/10/5
26-06-2026 14:32:13 [INFO ] i.c.b.c.c.CalculatorController - [CONTROLLER] ADD via PathVariable | input: a=10.0, b=5.0
26-06-2026 14:32:13 [INFO ] i.c.b.c.s.CalculatorService - [SERVICE] ADD | input: a=10.0, b=5.0
26-06-2026 14:32:13 [DEBUG] i.c.b.c.s.CalculatorService - [SERVICE] ADD | logic: 10.0 + 5.0
26-06-2026 14:32:13 [INFO ] i.c.b.c.s.CalculatorService - [SERVICE] ADD | hasil: 10.0 + 5.0 = 15.0
26-06-2026 14:32:13 [INFO ] i.c.b.c.c.CalculatorController - [CONTROLLER] ADD via PathVariable | hasil: 15.0
26-06-2026 14:32:13 [DEBUG] o.s.w.s.DispatcherServlet - Completed 200 OK
26-06-2026 14:32:13 [INFO ] HTTP_TRAFFIC - 
----------------------------------------------------------
  TraceID   : 3B72A5E7
  Method    : GET
  URL       : /api/calculator/add/10/5
  From      : 0:0:0:0:0:0:0:1
  - - - - - - - - - - - - - - - - - - - - - - - - - -
  Request   : -
  - - - - - - - - - - - - - - - - - - - - - - - - - -
  Status    : 200
  Duration  : 2 ms
  Response  : {"responseCode":"2000101","responseMessage":"Sukses","payload":15.0,"success":true}
----------------------------------------------------------
26-06-2026 14:32:13 [DEBUG] o.s.w.s.DispatcherServlet - POST "/api/calculator/subtract", parameters={}
26-06-2026 14:32:13 [DEBUG] i.c.b.c.c.ApiOrderInterceptor - ApiOrderContext set: apiOrder=02 for POST /api/calculator/subtract
26-06-2026 14:32:13 [INFO ] i.c.b.c.c.CalculatorController - [CONTROLLER] SUBTRACT via Body | input: a=15.0, b=5.0
26-06-2026 14:32:13 [INFO ] i.c.b.c.s.CalculatorService - [SERVICE] SUBTRACT | input: a=15.0, b=5.0
26-06-2026 14:32:13 [DEBUG] i.c.b.c.s.CalculatorService - [SERVICE] SUBTRACT | logic: 15.0 - 5.0
26-06-2026 14:32:13 [INFO ] i.c.b.c.s.CalculatorService - [SERVICE] SUBTRACT | hasil: 15.0 - 5.0 = 10.0
26-06-2026 14:32:13 [INFO ] i.c.b.c.c.CalculatorController - [CONTROLLER] SUBTRACT via Body | hasil: 10.0
26-06-2026 14:32:13 [DEBUG] o.s.w.s.DispatcherServlet - Completed 200 OK
26-06-2026 14:32:13 [INFO ] HTTP_TRAFFIC - 
----------------------------------------------------------
  TraceID   : 8D1A1FCC
  Method    : POST
  URL       : /api/calculator/subtract
  From      : 0:0:0:0:0:0:0:1
  - - - - - - - - - - - - - - - - - - - - - - - - - -
  Request   : {
  "a": 15,
  "b": 5
}
  - - - - - - - - - - - - - - - - - - - - - - - - - -
  Status    : 200
  Duration  : 3 ms
  Response  : {"responseCode":"2000102","responseMessage":"Sukses","payload":10.0,"success":true}
----------------------------------------------------------
26-06-2026 14:32:13 [DEBUG] o.s.w.s.DispatcherServlet - GET "/api/calculator/subtract?a=15&b=5", parameters={masked}
26-06-2026 14:32:13 [DEBUG] i.c.b.c.c.ApiOrderInterceptor - ApiOrderContext set: apiOrder=02 for GET /api/calculator/subtract
26-06-2026 14:32:13 [INFO ] i.c.b.c.c.CalculatorController - [CONTROLLER] SUBTRACT via QueryParam | input: a=15.0, b=5.0
26-06-2026 14:32:13 [INFO ] i.c.b.c.s.CalculatorService - [SERVICE] SUBTRACT | input: a=15.0, b=5.0
26-06-2026 14:32:13 [DEBUG] i.c.b.c.s.CalculatorService - [SERVICE] SUBTRACT | logic: 15.0 - 5.0
26-06-2026 14:32:13 [INFO ] i.c.b.c.s.CalculatorService - [SERVICE] SUBTRACT | hasil: 15.0 - 5.0 = 10.0
26-06-2026 14:32:13 [INFO ] i.c.b.c.c.CalculatorController - [CONTROLLER] SUBTRACT via QueryParam | hasil: 10.0
26-06-2026 14:32:13 [DEBUG] o.s.w.s.DispatcherServlet - Completed 200 OK
26-06-2026 14:32:13 [INFO ] HTTP_TRAFFIC - 
----------------------------------------------------------
  TraceID   : 6C6A0A4E
  Method    : GET
  URL       : /api/calculator/subtract?a=15&b=5
  From      : 0:0:0:0:0:0:0:1
  - - - - - - - - - - - - - - - - - - - - - - - - - -
  Request   : -
  - - - - - - - - - - - - - - - - - - - - - - - - - -
  Status    : 200
  Duration  : 3 ms
  Response  : {"responseCode":"2000102","responseMessage":"Sukses","payload":10.0,"success":true}
----------------------------------------------------------
26-06-2026 14:32:13 [DEBUG] o.s.w.s.DispatcherServlet - GET "/api/calculator/subtract/15/5", parameters={}
26-06-2026 14:32:13 [DEBUG] i.c.b.c.c.ApiOrderInterceptor - ApiOrderContext set: apiOrder=02 for GET /api/calculator/subtract/15/5
26-06-2026 14:32:13 [INFO ] i.c.b.c.c.CalculatorController - [CONTROLLER] SUBTRACT via PathVariable | input: a=15.0, b=5.0
26-06-2026 14:32:13 [INFO ] i.c.b.c.s.CalculatorService - [SERVICE] SUBTRACT | input: a=15.0, b=5.0
26-06-2026 14:32:13 [DEBUG] i.c.b.c.s.CalculatorService - [SERVICE] SUBTRACT | logic: 15.0 - 5.0
26-06-2026 14:32:13 [INFO ] i.c.b.c.s.CalculatorService - [SERVICE] SUBTRACT | hasil: 15.0 - 5.0 = 10.0
26-06-2026 14:32:13 [INFO ] i.c.b.c.c.CalculatorController - [CONTROLLER] SUBTRACT via PathVariable | hasil: 10.0
26-06-2026 14:32:13 [DEBUG] o.s.w.s.DispatcherServlet - Completed 200 OK
26-06-2026 14:32:13 [INFO ] HTTP_TRAFFIC - 
----------------------------------------------------------
  TraceID   : FAB1A9BB
  Method    : GET
  URL       : /api/calculator/subtract/15/5
  From      : 0:0:0:0:0:0:0:1
  - - - - - - - - - - - - - - - - - - - - - - - - - -
  Request   : -
  - - - - - - - - - - - - - - - - - - - - - - - - - -
  Status    : 200
  Duration  : 2 ms
  Response  : {"responseCode":"2000102","responseMessage":"Sukses","payload":10.0,"success":true}
----------------------------------------------------------
[INFO] ------------------------------------------------------------------------
[INFO] BUILD FAILURE
[INFO] ------------------------------------------------------------------------
[INFO] Total time:  7.969 s
[INFO] Finished at: 2026-06-26T14:32:15+07:00
[INFO] ------------------------------------------------------------------------
[ERROR] Failed to execute goal org.springframework.boot:spring-boot-maven-plugin:3.2.5:run (default-cli) on project calculator: Process terminated with exit code: 1 -> [Help 1]
[ERROR] 
[ERROR] To see the full stack trace of the errors, re-run Maven with the -e switch.
[ERROR] Re-run Maven using the -X switch to enable full debug logging.
[ERROR] 
[ERROR] For more information about the errors and possible solutions, please read the following articles:
[ERROR] [Help 1] http://cwiki.apache.org/confluence/display/MAVEN/MojoExecutionException
